Welcome to eht-imaging! v 1.2.10 

Loading text image:  datasets/avery_sgra_eofn.txt
iteration:   0%|          | 0/20000 [00:00<?, ?it/s]
iteration 0, loss=3.547953796e+01
iteration 1000, loss=9.957679510e-01
iteration 2000, loss=9.885780215e-01
iteration 3000, loss=9.839267135e-01
iteration 4000, loss=9.804165959e-01
iteration 5000, loss=9.798418880e-01
iteration 6000, loss=9.842167497e-01
iteration 7000, loss=9.741560221e-01
iteration 8000, loss=9.768230319e-01
iteration 9000, loss=9.728767276e-01
iteration 10000, loss=9.668930173e-01
iteration 11000, loss=9.792886376e-01
iteration 12000, loss=1.016916156e+00
iteration 13000, loss=9.668564200e-01
iteration 14000, loss=9.671669602e-01
iteration 15000, loss=9.630640149e-01
iteration 16000, loss=9.627956748e-01
iteration 17000, loss=9.629541636e-01
iteration 18000, loss=9.618527889e-01
iteration 19000, loss=9.568556547e-01
[seed=49] saved params to fourier_ensembling/bh_varnoise_models/params_49.msgpack
