Welcome to eht-imaging! v 1.2.10 

Loading text image:  datasets/avery_sgra_eofn.txt
iteration:   0%|          | 0/20000 [00:00<?, ?it/s]
iteration 0, loss=1.719447632e+02
iteration 1000, loss=1.000133514e+00
iteration 2000, loss=9.905759692e-01
iteration 3000, loss=9.872918725e-01
iteration 4000, loss=9.842845201e-01
iteration 5000, loss=9.863759279e-01
iteration 6000, loss=9.797561169e-01
iteration 7000, loss=9.804201126e-01
iteration 8000, loss=9.757981896e-01
iteration 9000, loss=9.827769399e-01
iteration 10000, loss=9.746118784e-01
iteration 11000, loss=9.878038764e-01
iteration 12000, loss=9.666183591e-01
iteration 13000, loss=9.649096727e-01
iteration 14000, loss=9.627538919e-01
iteration 15000, loss=9.699054360e-01
iteration 16000, loss=9.606027007e-01
iteration 17000, loss=9.590148330e-01
iteration 18000, loss=1.032330155e+00
iteration 19000, loss=9.586337805e-01
[seed=7] saved params to fourier_ensembling/bh_varnoise_models/params_7.msgpack
