Welcome to eht-imaging! v 1.2.10 

Loading text image:  datasets/avery_sgra_eofn.txt
iteration:   0%|          | 0/20000 [00:00<?, ?it/s]
iteration 0, loss=2.960611572e+02
iteration 1000, loss=1.005258560e+00
iteration 2000, loss=9.952965379e-01
iteration 3000, loss=1.022827148e+00
iteration 4000, loss=9.964312315e-01
iteration 5000, loss=9.859146476e-01
iteration 6000, loss=9.816140532e-01
iteration 7000, loss=9.801357388e-01
iteration 8000, loss=9.761201739e-01
iteration 9000, loss=9.768216610e-01
iteration 10000, loss=9.906330109e-01
iteration 11000, loss=9.713394046e-01
iteration 12000, loss=9.899668694e-01
iteration 13000, loss=9.798345566e-01
iteration 14000, loss=9.842025042e-01
iteration 15000, loss=9.665587544e-01
iteration 16000, loss=9.663985968e-01
iteration 17000, loss=9.690341353e-01
iteration 18000, loss=9.755097628e-01
iteration 19000, loss=9.672004580e-01
[seed=28] saved params to fourier_ensembling/bh_varnoise_models/params_28.msgpack
