Welcome to eht-imaging! v 1.2.10 

Loading text image:  datasets/avery_sgra_eofn.txt
iteration:   0%|          | 0/20000 [00:00<?, ?it/s]
iteration 0, loss=5.060675049e+01
iteration 1000, loss=9.993683100e-01
iteration 2000, loss=1.007756948e+00
iteration 3000, loss=9.891319871e-01
iteration 4000, loss=9.903861284e-01
iteration 5000, loss=9.800798297e-01
iteration 6000, loss=9.950450659e-01
iteration 7000, loss=9.754717350e-01
iteration 8000, loss=9.755894542e-01
iteration 9000, loss=9.740573764e-01
iteration 10000, loss=9.711191058e-01
iteration 11000, loss=9.713925719e-01
iteration 12000, loss=9.748269320e-01
iteration 13000, loss=9.672558308e-01
iteration 14000, loss=9.675444365e-01
iteration 15000, loss=9.701388478e-01
iteration 16000, loss=9.825659990e-01
iteration 17000, loss=9.737470746e-01
iteration 18000, loss=9.744656086e-01
iteration 19000, loss=9.590876698e-01
[seed=63] saved params to fourier_ensembling/bh_varnoise_models/params_63.msgpack
