Welcome to eht-imaging! v 1.2.10 

Loading text image:  datasets/avery_sgra_eofn.txt
iteration:   0%|          | 0/20000 [00:00<?, ?it/s]
iteration 0, loss=2.073048248e+02
iteration 1000, loss=9.989382625e-01
iteration 2000, loss=1.007752180e+00
iteration 3000, loss=9.925022125e-01
iteration 4000, loss=9.847443104e-01
iteration 5000, loss=9.787611961e-01
iteration 6000, loss=9.878474474e-01
iteration 7000, loss=9.741182327e-01
iteration 8000, loss=9.787023067e-01
iteration 9000, loss=9.747948050e-01
iteration 10000, loss=9.678362012e-01
iteration 11000, loss=9.845419526e-01
iteration 12000, loss=9.711099267e-01
iteration 13000, loss=9.689347148e-01
iteration 14000, loss=9.756337404e-01
iteration 15000, loss=9.590778947e-01
iteration 16000, loss=9.639611840e-01
iteration 17000, loss=9.536550641e-01
iteration 18000, loss=9.557414055e-01
iteration 19000, loss=9.717396498e-01
[seed=74] saved params to fourier_ensembling/bh_varnoise_models/params_74.msgpack
