Welcome to eht-imaging! v 1.2.10 

Loading text image:  datasets/avery_sgra_eofn.txt
iteration:   0%|          | 0/20000 [00:00<?, ?it/s]
iteration 0, loss=3.072320557e+02
iteration 1000, loss=1.013409734e+00
iteration 2000, loss=9.979467392e-01
iteration 3000, loss=9.981862903e-01
iteration 4000, loss=9.946781993e-01
iteration 5000, loss=9.864075780e-01
iteration 6000, loss=9.862233996e-01
iteration 7000, loss=9.882891178e-01
iteration 8000, loss=9.807473421e-01
iteration 9000, loss=9.934068322e-01
iteration 10000, loss=9.735550284e-01
iteration 11000, loss=9.738870859e-01
iteration 12000, loss=9.870705605e-01
iteration 13000, loss=9.706786871e-01
iteration 14000, loss=9.800190926e-01
iteration 15000, loss=9.666089416e-01
iteration 16000, loss=9.886755347e-01
iteration 17000, loss=9.677230120e-01
iteration 18000, loss=9.571236372e-01
iteration 19000, loss=9.538671374e-01
[seed=8] saved params to fourier_ensembling/bh_varnoise_models/params_8.msgpack
