Welcome to eht-imaging! v 1.2.10 

Loading text image:  datasets/avery_sgra_eofn.txt
iteration:   0%|          | 0/20000 [00:00<?, ?it/s]
iteration 0, loss=3.186237335e+01
iteration 1000, loss=1.008879066e+00
iteration 2000, loss=9.892555475e-01
iteration 3000, loss=9.850837588e-01
iteration 4000, loss=9.813446999e-01
iteration 5000, loss=9.813272953e-01
iteration 6000, loss=9.777215719e-01
iteration 7000, loss=9.740775228e-01
iteration 8000, loss=9.789993763e-01
iteration 9000, loss=9.667190909e-01
iteration 10000, loss=9.650976062e-01
iteration 11000, loss=9.810304642e-01
iteration 12000, loss=9.616150260e-01
iteration 13000, loss=9.748017192e-01
iteration 14000, loss=9.584707022e-01
iteration 15000, loss=9.716127515e-01
iteration 16000, loss=9.623845220e-01
iteration 17000, loss=9.578518271e-01
iteration 18000, loss=9.563853145e-01
iteration 19000, loss=9.534548521e-01
[seed=53] saved params to fourier_ensembling/bh_varnoise_models/params_53.msgpack
