Welcome to eht-imaging! v 1.2.10 

Loading text image:  datasets/avery_sgra_eofn.txt
iteration:   0%|          | 0/20000 [00:00<?, ?it/s]
iteration 0, loss=1.971317749e+02
iteration 1000, loss=9.997445941e-01
iteration 2000, loss=1.015734911e+00
iteration 3000, loss=9.920601249e-01
iteration 4000, loss=9.865947962e-01
iteration 5000, loss=1.003497601e+00
iteration 6000, loss=9.815822244e-01
iteration 7000, loss=9.805960655e-01
iteration 8000, loss=9.883788824e-01
iteration 9000, loss=9.754146338e-01
iteration 10000, loss=9.749079943e-01
iteration 11000, loss=9.716472626e-01
iteration 12000, loss=9.717131853e-01
iteration 13000, loss=9.737755656e-01
iteration 14000, loss=9.909122586e-01
iteration 15000, loss=9.717785120e-01
iteration 16000, loss=9.653925300e-01
iteration 17000, loss=9.696273208e-01
iteration 18000, loss=9.694489837e-01
iteration 19000, loss=9.612081051e-01
[seed=16] saved params to fourier_ensembling/bh_varnoise_models/params_16.msgpack
