Welcome to eht-imaging! v 1.2.10 

Loading text image:  datasets/avery_sgra_eofn.txt
iteration:   0%|          | 0/20000 [00:00<?, ?it/s]
iteration 0, loss=6.552472687e+01
iteration 1000, loss=9.959080815e-01
iteration 2000, loss=9.920921922e-01
iteration 3000, loss=9.858691096e-01
iteration 4000, loss=9.826661944e-01
iteration 5000, loss=9.787269235e-01
iteration 6000, loss=1.022894859e+00
iteration 7000, loss=9.958582520e-01
iteration 8000, loss=9.763424397e-01
iteration 9000, loss=9.998525977e-01
iteration 10000, loss=9.769111276e-01
iteration 11000, loss=9.720509648e-01
iteration 12000, loss=9.648774862e-01
iteration 13000, loss=9.623854160e-01
iteration 14000, loss=9.664646387e-01
iteration 15000, loss=9.592444897e-01
iteration 16000, loss=9.589568377e-01
iteration 17000, loss=9.666933417e-01
iteration 18000, loss=9.541168809e-01
iteration 19000, loss=9.622704983e-01
[seed=17] saved params to fourier_ensembling/bh_varnoise_models/params_17.msgpack
