Welcome to eht-imaging! v 1.2.10 

Loading text image:  datasets/avery_sgra_eofn.txt
iteration:   0%|          | 0/20000 [00:00<?, ?it/s]
iteration 0, loss=2.247877655e+02
iteration 1000, loss=1.034832001e+00
iteration 2000, loss=1.010621905e+00
iteration 3000, loss=1.003782153e+00
iteration 4000, loss=9.961997867e-01
iteration 5000, loss=9.937962890e-01
iteration 6000, loss=1.001934528e+00
iteration 7000, loss=9.952841401e-01
iteration 8000, loss=9.966412783e-01
iteration 9000, loss=9.815059304e-01
iteration 10000, loss=9.766518474e-01
iteration 11000, loss=9.846521020e-01
iteration 12000, loss=9.934902787e-01
iteration 13000, loss=9.777937531e-01
iteration 14000, loss=9.857817888e-01
iteration 15000, loss=9.719939232e-01
iteration 16000, loss=9.740007520e-01
iteration 17000, loss=9.672940969e-01
iteration 18000, loss=9.794581532e-01
iteration 19000, loss=9.617335796e-01
[seed=38] saved params to fourier_ensembling/bh_varnoise_models/params_38.msgpack
