Welcome to eht-imaging! v 1.2.10 

Loading text image:  datasets/avery_sgra_eofn.txt
iteration:   0%|          | 0/20000 [00:00<?, ?it/s]
iteration 0, loss=3.543562012e+02
iteration 1000, loss=1.015389681e+00
iteration 2000, loss=9.959951043e-01
iteration 3000, loss=1.004780173e+00
iteration 4000, loss=9.927687049e-01
iteration 5000, loss=9.956481457e-01
iteration 6000, loss=9.973571301e-01
iteration 7000, loss=9.870746732e-01
iteration 8000, loss=9.807886481e-01
iteration 9000, loss=9.799759388e-01
iteration 10000, loss=9.750274420e-01
iteration 11000, loss=9.775560498e-01
iteration 12000, loss=9.753944874e-01
iteration 13000, loss=9.830640554e-01
iteration 14000, loss=9.695482254e-01
iteration 15000, loss=9.673779011e-01
iteration 16000, loss=9.699433446e-01
iteration 17000, loss=9.712591767e-01
iteration 18000, loss=9.728548527e-01
iteration 19000, loss=9.839242101e-01
[seed=39] saved params to fourier_ensembling/bh_varnoise_models/params_39.msgpack
