Welcome to eht-imaging! v 1.2.10 

Loading text image:  datasets/avery_sgra_eofn.txt
iteration:   0%|          | 0/20000 [00:00<?, ?it/s]
iteration 0, loss=2.033200531e+02
iteration 1000, loss=1.047702670e+00
iteration 2000, loss=1.002297401e+00
iteration 3000, loss=9.965739250e-01
iteration 4000, loss=9.916432500e-01
iteration 5000, loss=9.970195889e-01
iteration 6000, loss=9.872930646e-01
iteration 7000, loss=9.840171337e-01
iteration 8000, loss=9.886124730e-01
iteration 9000, loss=9.824807644e-01
iteration 10000, loss=9.788223505e-01
iteration 11000, loss=9.806661010e-01
iteration 12000, loss=9.796026349e-01
iteration 13000, loss=9.795187116e-01
iteration 14000, loss=9.748494625e-01
iteration 15000, loss=9.730358124e-01
iteration 16000, loss=9.724051356e-01
iteration 17000, loss=9.713799357e-01
iteration 18000, loss=9.686781168e-01
iteration 19000, loss=9.728848338e-01
[seed=22] saved params to fourier_ensembling/bh_varnoise_models/params_22.msgpack
