Welcome to eht-imaging! v 1.2.10 

Loading text image:  datasets/avery_sgra_eofn.txt
iteration:   0%|          | 0/20000 [00:00<?, ?it/s]
iteration 0, loss=2.439697876e+02
iteration 1000, loss=1.006713629e+00
iteration 2000, loss=1.000229716e+00
iteration 3000, loss=1.012521982e+00
iteration 4000, loss=9.879843593e-01
iteration 5000, loss=9.823210835e-01
iteration 6000, loss=9.801704884e-01
iteration 7000, loss=9.827747941e-01
iteration 8000, loss=9.789466262e-01
iteration 9000, loss=9.810751677e-01
iteration 10000, loss=9.752197862e-01
iteration 11000, loss=9.866784215e-01
iteration 12000, loss=9.738858938e-01
iteration 13000, loss=9.685614705e-01
iteration 14000, loss=9.716196060e-01
iteration 15000, loss=9.834675789e-01
iteration 16000, loss=9.692557454e-01
iteration 17000, loss=9.730308056e-01
iteration 18000, loss=9.699890614e-01
iteration 19000, loss=9.654541016e-01
[seed=54] saved params to fourier_ensembling/bh_varnoise_models/params_54.msgpack
