Welcome to eht-imaging! v 1.2.10 

Loading text image:  datasets/avery_sgra_eofn.txt
iteration:   0%|          | 0/20000 [00:00<?, ?it/s]
iteration 0, loss=9.598374176e+01
iteration 1000, loss=9.980995655e-01
iteration 2000, loss=9.903542995e-01
iteration 3000, loss=9.859235287e-01
iteration 4000, loss=9.857391119e-01
iteration 5000, loss=9.774009585e-01
iteration 6000, loss=9.871653318e-01
iteration 7000, loss=9.744829535e-01
iteration 8000, loss=9.682986140e-01
iteration 9000, loss=9.966101050e-01
iteration 10000, loss=9.666253924e-01
iteration 11000, loss=9.695901275e-01
iteration 12000, loss=9.651662111e-01
iteration 13000, loss=9.600253701e-01
iteration 14000, loss=9.629789591e-01
iteration 15000, loss=9.587691426e-01
iteration 16000, loss=9.606766105e-01
iteration 17000, loss=9.523074031e-01
iteration 18000, loss=9.526312351e-01
iteration 19000, loss=9.538966417e-01
[seed=69] saved params to fourier_ensembling/bh_varnoise_models/params_69.msgpack
