Welcome to eht-imaging! v 1.2.10 

Loading text image:  datasets/avery_sgra_eofn.txt
iteration:   0%|          | 0/20000 [00:00<?, ?it/s]
iteration 0, loss=3.239100647e+02
iteration 1000, loss=1.026422620e+00
iteration 2000, loss=9.962823987e-01
iteration 3000, loss=9.895708561e-01
iteration 4000, loss=9.856688380e-01
iteration 5000, loss=9.814765453e-01
iteration 6000, loss=9.773119092e-01
iteration 7000, loss=9.747568369e-01
iteration 8000, loss=9.736695886e-01
iteration 9000, loss=9.749888182e-01
iteration 10000, loss=9.741621017e-01
iteration 11000, loss=9.843546748e-01
iteration 12000, loss=9.628495574e-01
iteration 13000, loss=9.637550712e-01
iteration 14000, loss=9.660126567e-01
iteration 15000, loss=9.809194803e-01
iteration 16000, loss=9.587263465e-01
iteration 17000, loss=9.654608369e-01
iteration 18000, loss=9.597579837e-01
iteration 19000, loss=9.544094205e-01
[seed=52] saved params to fourier_ensembling/bh_varnoise_models/params_52.msgpack
