Welcome to eht-imaging! v 1.2.10 

Loading text image:  datasets/avery_sgra_eofn.txt
iteration:   0%|          | 0/20000 [00:00<?, ?it/s]
iteration 0, loss=1.940968018e+02
iteration 1000, loss=1.016706824e+00
iteration 2000, loss=1.010156631e+00
iteration 3000, loss=9.950974584e-01
iteration 4000, loss=9.886139631e-01
iteration 5000, loss=1.000216961e+00
iteration 6000, loss=9.863351583e-01
iteration 7000, loss=9.874303341e-01
iteration 8000, loss=9.800080657e-01
iteration 9000, loss=9.943988323e-01
iteration 10000, loss=9.764376879e-01
iteration 11000, loss=9.736407995e-01
iteration 12000, loss=9.700040817e-01
iteration 13000, loss=9.774600267e-01
iteration 14000, loss=9.717722535e-01
iteration 15000, loss=9.930052757e-01
iteration 16000, loss=9.645984173e-01
iteration 17000, loss=9.678357244e-01
iteration 18000, loss=9.670883417e-01
iteration 19000, loss=9.555966258e-01
[seed=5] saved params to fourier_ensembling/bh_varnoise_models/params_5.msgpack
