Welcome to eht-imaging! v 1.2.10 

Loading text image:  datasets/avery_sgra_eofn.txt
iteration:   0%|          | 0/20000 [00:00<?, ?it/s]
iteration 0, loss=3.807522888e+02
iteration 1000, loss=1.003044009e+00
iteration 2000, loss=9.944967628e-01
iteration 3000, loss=9.906865954e-01
iteration 4000, loss=9.949171543e-01
iteration 5000, loss=9.851545691e-01
iteration 6000, loss=9.827210903e-01
iteration 7000, loss=9.901226163e-01
iteration 8000, loss=1.002862453e+00
iteration 9000, loss=9.841656089e-01
iteration 10000, loss=9.874523282e-01
iteration 11000, loss=9.785780311e-01
iteration 12000, loss=9.807738066e-01
iteration 13000, loss=9.937146306e-01
iteration 14000, loss=9.848251939e-01
iteration 15000, loss=9.772671461e-01
iteration 16000, loss=1.000257969e+00
iteration 17000, loss=9.672294855e-01
iteration 18000, loss=9.756720662e-01
iteration 19000, loss=9.764372110e-01
[seed=10] saved params to fourier_ensembling/bh_varnoise_models/params_10.msgpack
