Welcome to eht-imaging! v 1.2.10 

Loading text image:  datasets/avery_sgra_eofn.txt
iteration:   0%|          | 0/20000 [00:00<?, ?it/s]
iteration 0, loss=1.588802032e+02
iteration 1000, loss=1.010569215e+00
iteration 2000, loss=9.986607432e-01
iteration 3000, loss=9.980879426e-01
iteration 4000, loss=1.001337886e+00
iteration 5000, loss=1.010387063e+00
iteration 6000, loss=9.945433140e-01
iteration 7000, loss=9.872027040e-01
iteration 8000, loss=9.799385667e-01
iteration 9000, loss=9.750652313e-01
iteration 10000, loss=9.731445312e-01
iteration 11000, loss=9.732952118e-01
iteration 12000, loss=9.686714411e-01
iteration 13000, loss=9.710931182e-01
iteration 14000, loss=9.693974257e-01
iteration 15000, loss=9.707586765e-01
iteration 16000, loss=9.712435007e-01
iteration 17000, loss=9.657208920e-01
iteration 18000, loss=9.724295735e-01
iteration 19000, loss=9.600657821e-01
[seed=65] saved params to fourier_ensembling/bh_varnoise_models/params_65.msgpack
