Welcome to eht-imaging! v 1.2.10 

Loading text image:  datasets/avery_sgra_eofn.txt
iteration:   0%|          | 0/20000 [00:00<?, ?it/s]
iteration 0, loss=9.786309814e+01
iteration 1000, loss=9.987866879e-01
iteration 2000, loss=9.883974195e-01
iteration 3000, loss=9.854941368e-01
iteration 4000, loss=9.825890660e-01
iteration 5000, loss=9.837761521e-01
iteration 6000, loss=9.986081719e-01
iteration 7000, loss=9.760584831e-01
iteration 8000, loss=9.793307185e-01
iteration 9000, loss=9.701913595e-01
iteration 10000, loss=9.743679166e-01
iteration 11000, loss=9.769218564e-01
iteration 12000, loss=9.721037149e-01
iteration 13000, loss=9.659261703e-01
iteration 14000, loss=9.667253494e-01
iteration 15000, loss=9.789230227e-01
iteration 16000, loss=9.565128684e-01
iteration 17000, loss=9.533755779e-01
iteration 18000, loss=9.554544687e-01
iteration 19000, loss=9.567163587e-01
[seed=21] saved params to fourier_ensembling/bh_varnoise_models/params_21.msgpack
