Welcome to eht-imaging! v 1.2.10 

Loading text image:  datasets/avery_sgra_eofn.txt
iteration:   0%|          | 0/20000 [00:00<?, ?it/s]
iteration 0, loss=5.405278015e+01
iteration 1000, loss=1.001960158e+00
iteration 2000, loss=9.914638400e-01
iteration 3000, loss=1.006776690e+00
iteration 4000, loss=9.879419804e-01
iteration 5000, loss=9.801879525e-01
iteration 6000, loss=9.784210920e-01
iteration 7000, loss=9.795202613e-01
iteration 8000, loss=9.742828012e-01
iteration 9000, loss=9.721441269e-01
iteration 10000, loss=9.753374457e-01
iteration 11000, loss=9.736332893e-01
iteration 12000, loss=9.686808586e-01
iteration 13000, loss=9.872964621e-01
iteration 14000, loss=9.627736211e-01
iteration 15000, loss=9.620028138e-01
iteration 16000, loss=9.627245665e-01
iteration 17000, loss=9.591468573e-01
iteration 18000, loss=9.596198797e-01
iteration 19000, loss=9.740847349e-01
[seed=79] saved params to fourier_ensembling/bh_varnoise_models/params_79.msgpack
