Welcome to eht-imaging! v 1.2.10 

Loading text image:  datasets/avery_sgra_eofn.txt
iteration:   0%|          | 0/20000 [00:00<?, ?it/s]
iteration 0, loss=6.413789368e+01
iteration 1000, loss=9.997041821e-01
iteration 2000, loss=9.898716807e-01
iteration 3000, loss=9.884336591e-01
iteration 4000, loss=9.945423603e-01
iteration 5000, loss=9.815089703e-01
iteration 6000, loss=9.923900366e-01
iteration 7000, loss=9.788959026e-01
iteration 8000, loss=9.800331593e-01
iteration 9000, loss=9.722597599e-01
iteration 10000, loss=9.854301214e-01
iteration 11000, loss=9.724738002e-01
iteration 12000, loss=9.758782983e-01
iteration 13000, loss=9.705049396e-01
iteration 14000, loss=9.812667966e-01
iteration 15000, loss=9.628671408e-01
iteration 16000, loss=9.597594738e-01
iteration 17000, loss=9.719378948e-01
iteration 18000, loss=9.624496102e-01
iteration 19000, loss=9.649034739e-01
[seed=55] saved params to fourier_ensembling/bh_varnoise_models/params_55.msgpack
