Welcome to eht-imaging! v 1.2.10 

Loading text image:  datasets/avery_sgra_eofn.txt
iteration:   0%|          | 0/20000 [00:00<?, ?it/s]
iteration 0, loss=8.838417816e+01
iteration 1000, loss=1.000163794e+00
iteration 2000, loss=9.914052486e-01
iteration 3000, loss=1.006665945e+00
iteration 4000, loss=9.844382405e-01
iteration 5000, loss=9.812047482e-01
iteration 6000, loss=9.787472486e-01
iteration 7000, loss=9.795976281e-01
iteration 8000, loss=9.762567878e-01
iteration 9000, loss=9.754511714e-01
iteration 10000, loss=9.749519229e-01
iteration 11000, loss=9.704108238e-01
iteration 12000, loss=9.712792635e-01
iteration 13000, loss=9.698126912e-01
iteration 14000, loss=9.653599262e-01
iteration 15000, loss=9.812553525e-01
iteration 16000, loss=9.653925300e-01
iteration 17000, loss=9.648187160e-01
iteration 18000, loss=9.624410868e-01
iteration 19000, loss=9.577158093e-01
[seed=93] saved params to fourier_ensembling/bh_varnoise_models/params_93.msgpack
