Welcome to eht-imaging! v 1.2.10 

Loading text image:  datasets/avery_sgra_eofn.txt
iteration:   0%|          | 0/20000 [00:00<?, ?it/s]
iteration 0, loss=1.217427979e+02
iteration 1000, loss=1.004020929e+00
iteration 2000, loss=9.945616126e-01
iteration 3000, loss=9.949386716e-01
iteration 4000, loss=9.825298786e-01
iteration 5000, loss=9.815938473e-01
iteration 6000, loss=9.851685166e-01
iteration 7000, loss=9.830433130e-01
iteration 8000, loss=9.804208875e-01
iteration 9000, loss=9.748008251e-01
iteration 10000, loss=9.735543728e-01
iteration 11000, loss=9.706593752e-01
iteration 12000, loss=9.695274234e-01
iteration 13000, loss=9.631575942e-01
iteration 14000, loss=9.730470181e-01
iteration 15000, loss=9.720537066e-01
iteration 16000, loss=9.689968228e-01
iteration 17000, loss=9.662222266e-01
iteration 18000, loss=9.769648314e-01
iteration 19000, loss=9.633216262e-01
[seed=62] saved params to fourier_ensembling/bh_varnoise_models/params_62.msgpack
