Welcome to eht-imaging! v 1.2.10 

Loading text image:  datasets/avery_sgra_eofn.txt
iteration:   0%|          | 0/20000 [00:00<?, ?it/s]
iteration 0, loss=7.975431061e+01
iteration 1000, loss=1.002686739e+00
iteration 2000, loss=9.911936522e-01
iteration 3000, loss=9.952880740e-01
iteration 4000, loss=9.811236262e-01
iteration 5000, loss=9.831569195e-01
iteration 6000, loss=9.828491807e-01
iteration 7000, loss=9.761501551e-01
iteration 8000, loss=9.834734201e-01
iteration 9000, loss=9.818097353e-01
iteration 10000, loss=9.669150114e-01
iteration 11000, loss=9.614271522e-01
iteration 12000, loss=9.646568298e-01
iteration 13000, loss=9.632776976e-01
iteration 14000, loss=9.535012245e-01
iteration 15000, loss=9.523487091e-01
iteration 16000, loss=9.657689333e-01
iteration 17000, loss=9.541689157e-01
iteration 18000, loss=9.607382417e-01
iteration 19000, loss=9.561011195e-01
[seed=73] saved params to fourier_ensembling/bh_varnoise_models/params_73.msgpack
