Welcome to eht-imaging! v 1.2.10 

Loading text image:  datasets/avery_sgra_eofn.txt
iteration:   0%|          | 0/20000 [00:00<?, ?it/s]
iteration 0, loss=1.921861725e+02
iteration 1000, loss=1.006064177e+00
iteration 2000, loss=9.928750992e-01
iteration 3000, loss=9.937109351e-01
iteration 4000, loss=9.835035205e-01
iteration 5000, loss=9.984444976e-01
iteration 6000, loss=1.043411493e+00
iteration 7000, loss=9.784136415e-01
iteration 8000, loss=9.776573777e-01
iteration 9000, loss=9.819660187e-01
iteration 10000, loss=9.738005400e-01
iteration 11000, loss=9.760690331e-01
iteration 12000, loss=9.679034948e-01
iteration 13000, loss=9.702364206e-01
iteration 14000, loss=9.640867114e-01
iteration 15000, loss=9.615697265e-01
iteration 16000, loss=9.578118920e-01
iteration 17000, loss=9.552928209e-01
iteration 18000, loss=9.593362808e-01
iteration 19000, loss=9.644739032e-01
[seed=19] saved params to fourier_ensembling/bh_varnoise_models/params_19.msgpack
