Welcome to eht-imaging! v 1.2.10 

Loading text image:  datasets/avery_sgra_eofn.txt
iteration:   0%|          | 0/20000 [00:00<?, ?it/s]
iteration 0, loss=3.516987305e+02
iteration 1000, loss=1.016619682e+00
iteration 2000, loss=9.995927215e-01
iteration 3000, loss=9.937294722e-01
iteration 4000, loss=9.921253920e-01
iteration 5000, loss=9.866517186e-01
iteration 6000, loss=9.935843349e-01
iteration 7000, loss=1.012168765e+00
iteration 8000, loss=9.787097573e-01
iteration 9000, loss=9.818774462e-01
iteration 10000, loss=9.737868905e-01
iteration 11000, loss=9.751800299e-01
iteration 12000, loss=9.725596309e-01
iteration 13000, loss=9.683694243e-01
iteration 14000, loss=9.674263597e-01
iteration 15000, loss=9.637835622e-01
iteration 16000, loss=9.642560482e-01
iteration 17000, loss=9.721074104e-01
iteration 18000, loss=9.616767168e-01
iteration 19000, loss=9.677227139e-01
[seed=70] saved params to fourier_ensembling/bh_varnoise_models/params_70.msgpack
