Welcome to eht-imaging! v 1.2.10 

Loading text image:  datasets/avery_sgra_eofn.txt
iteration:   0%|          | 0/20000 [00:00<?, ?it/s]
iteration 0, loss=1.407151489e+02
iteration 1000, loss=1.005433559e+00
iteration 2000, loss=9.943835735e-01
iteration 3000, loss=9.927276969e-01
iteration 4000, loss=9.905437231e-01
iteration 5000, loss=9.889001846e-01
iteration 6000, loss=9.811841846e-01
iteration 7000, loss=9.784642458e-01
iteration 8000, loss=9.737171531e-01
iteration 9000, loss=9.740468264e-01
iteration 10000, loss=9.724676609e-01
iteration 11000, loss=9.686828852e-01
iteration 12000, loss=9.790738225e-01
iteration 13000, loss=9.646316171e-01
iteration 14000, loss=9.744251966e-01
iteration 15000, loss=9.593722224e-01
iteration 16000, loss=9.595814347e-01
iteration 17000, loss=9.575325251e-01
iteration 18000, loss=9.537040591e-01
iteration 19000, loss=9.589718580e-01
[seed=85] saved params to fourier_ensembling/bh_varnoise_models/params_85.msgpack
