Welcome to eht-imaging! v 1.2.10 

Loading text image:  datasets/avery_sgra_eofn.txt
iteration:   0%|          | 0/20000 [00:00<?, ?it/s]
iteration 0, loss=2.305878448e+02
iteration 1000, loss=1.004266262e+00
iteration 2000, loss=9.960829616e-01
iteration 3000, loss=9.904771447e-01
iteration 4000, loss=9.859849215e-01
iteration 5000, loss=9.858304262e-01
iteration 6000, loss=9.859519005e-01
iteration 7000, loss=9.850852489e-01
iteration 8000, loss=9.834278822e-01
iteration 9000, loss=9.761652350e-01
iteration 10000, loss=9.745391607e-01
iteration 11000, loss=9.737888575e-01
iteration 12000, loss=9.737161994e-01
iteration 13000, loss=9.721906185e-01
iteration 14000, loss=9.677767158e-01
iteration 15000, loss=9.633013606e-01
iteration 16000, loss=9.792711735e-01
iteration 17000, loss=9.626032114e-01
iteration 18000, loss=9.611710906e-01
iteration 19000, loss=9.570857882e-01
[seed=67] saved params to fourier_ensembling/bh_varnoise_models/params_67.msgpack
