Welcome to eht-imaging! v 1.2.10 

Loading text image:  datasets/avery_sgra_eofn.txt
iteration:   0%|          | 0/20000 [00:00<?, ?it/s]
iteration 0, loss=2.184850769e+02
iteration 1000, loss=1.007776976e+00
iteration 2000, loss=9.986779094e-01
iteration 3000, loss=9.945527315e-01
iteration 4000, loss=1.003497005e+00
iteration 5000, loss=9.955302477e-01
iteration 6000, loss=9.807556272e-01
iteration 7000, loss=9.786736369e-01
iteration 8000, loss=1.001183391e+00
iteration 9000, loss=9.784367085e-01
iteration 10000, loss=9.853534698e-01
iteration 11000, loss=9.884490967e-01
iteration 12000, loss=9.938668013e-01
iteration 13000, loss=9.826115966e-01
iteration 14000, loss=9.659537673e-01
iteration 15000, loss=9.659321308e-01
iteration 16000, loss=9.647862911e-01
iteration 17000, loss=9.661030173e-01
iteration 18000, loss=9.691041708e-01
iteration 19000, loss=9.628503919e-01
[seed=3] saved params to fourier_ensembling/bh_varnoise_models/params_3.msgpack
