Welcome to eht-imaging! v 1.2.10 

Loading text image:  datasets/avery_sgra_eofn.txt
iteration:   0%|          | 0/20000 [00:00<?, ?it/s]
iteration 0, loss=1.884442596e+02
iteration 1000, loss=1.028325915e+00
iteration 2000, loss=1.001305580e+00
iteration 3000, loss=1.011480212e+00
iteration 4000, loss=9.960044622e-01
iteration 5000, loss=9.929300547e-01
iteration 6000, loss=9.876202941e-01
iteration 7000, loss=9.805806279e-01
iteration 8000, loss=9.846019149e-01
iteration 9000, loss=1.006298184e+00
iteration 10000, loss=9.787297845e-01
iteration 11000, loss=9.764159918e-01
iteration 12000, loss=9.727379680e-01
iteration 13000, loss=9.723961949e-01
iteration 14000, loss=9.834471345e-01
iteration 15000, loss=9.706243873e-01
iteration 16000, loss=9.672462940e-01
iteration 17000, loss=9.688153863e-01
iteration 18000, loss=9.689114094e-01
iteration 19000, loss=9.925782084e-01
[seed=45] saved params to fourier_ensembling/bh_varnoise_models/params_45.msgpack
