Welcome to eht-imaging! v 1.2.10 

Loading text image:  datasets/avery_sgra_eofn.txt
iteration:   0%|          | 0/20000 [00:00<?, ?it/s]
iteration 0, loss=2.111499481e+02
iteration 1000, loss=9.989407659e-01
iteration 2000, loss=9.946269393e-01
iteration 3000, loss=9.850271344e-01
iteration 4000, loss=9.823852181e-01
iteration 5000, loss=9.988592267e-01
iteration 6000, loss=9.819833636e-01
iteration 7000, loss=1.015825987e+00
iteration 8000, loss=9.816293716e-01
iteration 9000, loss=9.727829695e-01
iteration 10000, loss=9.703521132e-01
iteration 11000, loss=9.708127975e-01
iteration 12000, loss=9.675779343e-01
iteration 13000, loss=9.716947079e-01
iteration 14000, loss=9.661725163e-01
iteration 15000, loss=9.610738158e-01
iteration 16000, loss=9.605593681e-01
iteration 17000, loss=9.625968337e-01
iteration 18000, loss=9.597783685e-01
iteration 19000, loss=9.599406719e-01
[seed=36] saved params to fourier_ensembling/bh_varnoise_models/params_36.msgpack
