Welcome to eht-imaging! v 1.2.10 

Loading text image:  datasets/avery_sgra_eofn.txt
iteration:   0%|          | 0/20000 [00:00<?, ?it/s]
iteration 0, loss=2.882971802e+02
iteration 1000, loss=1.016398787e+00
iteration 2000, loss=1.005952120e+00
iteration 3000, loss=9.982104301e-01
iteration 4000, loss=9.981980324e-01
iteration 5000, loss=9.865129590e-01
iteration 6000, loss=9.922464490e-01
iteration 7000, loss=9.904620647e-01
iteration 8000, loss=9.912473559e-01
iteration 9000, loss=9.860518575e-01
iteration 10000, loss=9.767505527e-01
iteration 11000, loss=9.754233956e-01
iteration 12000, loss=9.728767276e-01
iteration 13000, loss=9.695034027e-01
iteration 14000, loss=9.954176545e-01
iteration 15000, loss=9.702392220e-01
iteration 16000, loss=9.788900018e-01
iteration 17000, loss=9.861814380e-01
iteration 18000, loss=9.633459449e-01
iteration 19000, loss=9.600877762e-01
[seed=88] saved params to fourier_ensembling/bh_varnoise_models/params_88.msgpack
