Welcome to eht-imaging! v 1.2.10 

Loading text image:  datasets/avery_sgra_eofn.txt
iteration:   0%|          | 0/20000 [00:00<?, ?it/s]
iteration 0, loss=1.824332275e+02
iteration 1000, loss=1.017071486e+00
iteration 2000, loss=9.920068383e-01
iteration 3000, loss=9.907172322e-01
iteration 4000, loss=9.871229529e-01
iteration 5000, loss=9.878021479e-01
iteration 6000, loss=9.964995980e-01
iteration 7000, loss=9.785394073e-01
iteration 8000, loss=9.859489799e-01
iteration 9000, loss=9.801959991e-01
iteration 10000, loss=9.814965725e-01
iteration 11000, loss=9.880197048e-01
iteration 12000, loss=9.704498053e-01
iteration 13000, loss=9.687045813e-01
iteration 14000, loss=9.890915751e-01
iteration 15000, loss=9.670294523e-01
iteration 16000, loss=9.702116847e-01
iteration 17000, loss=9.632558227e-01
iteration 18000, loss=9.637376666e-01
iteration 19000, loss=9.578564167e-01
[seed=24] saved params to fourier_ensembling/bh_varnoise_models/params_24.msgpack
