Welcome to eht-imaging! v 1.2.10 

Loading text image:  datasets/avery_sgra_eofn.txt
iteration:   0%|          | 0/20000 [00:00<?, ?it/s]
iteration 0, loss=1.781762848e+02
iteration 1000, loss=1.010158539e+00
iteration 2000, loss=1.006700158e+00
iteration 3000, loss=1.001171231e+00
iteration 4000, loss=1.053393364e+00
iteration 5000, loss=9.948152304e-01
iteration 6000, loss=9.830527306e-01
iteration 7000, loss=1.010308981e+00
iteration 8000, loss=9.787258506e-01
iteration 9000, loss=9.750461578e-01
iteration 10000, loss=1.004298449e+00
iteration 11000, loss=9.819315076e-01
iteration 12000, loss=9.745505452e-01
iteration 13000, loss=9.747393131e-01
iteration 14000, loss=9.672029018e-01
iteration 15000, loss=9.728704691e-01
iteration 16000, loss=9.691935182e-01
iteration 17000, loss=9.663539529e-01
iteration 18000, loss=9.574366808e-01
iteration 19000, loss=9.574726224e-01
[seed=26] saved params to fourier_ensembling/bh_varnoise_models/params_26.msgpack
