Welcome to eht-imaging! v 1.2.10 

Loading text image:  datasets/avery_sgra_eofn.txt
iteration:   0%|          | 0/20000 [00:00<?, ?it/s]
iteration 0, loss=5.530633545e+01
iteration 1000, loss=1.000402689e+00
iteration 2000, loss=1.007664442e+00
iteration 3000, loss=9.877855182e-01
iteration 4000, loss=9.931284785e-01
iteration 5000, loss=9.811201096e-01
iteration 6000, loss=9.785399437e-01
iteration 7000, loss=9.749034643e-01
iteration 8000, loss=9.836255908e-01
iteration 9000, loss=9.922074080e-01
iteration 10000, loss=9.688618183e-01
iteration 11000, loss=9.703937173e-01
iteration 12000, loss=1.010070205e+00
iteration 13000, loss=9.715015292e-01
iteration 14000, loss=9.620277286e-01
iteration 15000, loss=9.580212831e-01
iteration 16000, loss=9.787771106e-01
iteration 17000, loss=1.037681222e+00
iteration 18000, loss=9.574131370e-01
iteration 19000, loss=9.568030834e-01
[seed=9] saved params to fourier_ensembling/bh_varnoise_models/params_9.msgpack
