Welcome to eht-imaging! v 1.2.10 

Loading text image:  datasets/avery_sgra_eofn.txt
iteration:   0%|          | 0/20000 [00:00<?, ?it/s]
iteration 0, loss=2.475706177e+02
iteration 1000, loss=1.003151298e+00
iteration 2000, loss=9.915306568e-01
iteration 3000, loss=1.000597358e+00
iteration 4000, loss=9.838948250e-01
iteration 5000, loss=9.857782722e-01
iteration 6000, loss=9.828060269e-01
iteration 7000, loss=9.820348620e-01
iteration 8000, loss=9.726527333e-01
iteration 9000, loss=9.735222459e-01
iteration 10000, loss=9.692407846e-01
iteration 11000, loss=9.700735807e-01
iteration 12000, loss=9.712920785e-01
iteration 13000, loss=9.678472281e-01
iteration 14000, loss=9.715343714e-01
iteration 15000, loss=9.651763439e-01
iteration 16000, loss=9.710212350e-01
iteration 17000, loss=9.662175775e-01
iteration 18000, loss=9.577425718e-01
iteration 19000, loss=9.658769369e-01
[seed=57] saved params to fourier_ensembling/bh_varnoise_models/params_57.msgpack
