Welcome to eht-imaging! v 1.2.10 

Loading text image:  datasets/avery_sgra_eofn.txt
iteration:   0%|          | 0/20000 [00:00<?, ?it/s]
iteration 0, loss=3.699544907e+01
iteration 1000, loss=1.009467959e+00
iteration 2000, loss=9.904546738e-01
iteration 3000, loss=9.842950702e-01
iteration 4000, loss=9.955809116e-01
iteration 5000, loss=9.799863100e-01
iteration 6000, loss=9.776368737e-01
iteration 7000, loss=9.782337546e-01
iteration 8000, loss=9.756491780e-01
iteration 9000, loss=9.991949201e-01
iteration 10000, loss=9.716884494e-01
iteration 11000, loss=9.679943323e-01
iteration 12000, loss=9.668533206e-01
iteration 13000, loss=9.708584547e-01
iteration 14000, loss=9.741075635e-01
iteration 15000, loss=9.745968580e-01
iteration 16000, loss=9.677901268e-01
iteration 17000, loss=9.599050283e-01
iteration 18000, loss=9.639155865e-01
iteration 19000, loss=9.563245773e-01
[seed=56] saved params to fourier_ensembling/bh_varnoise_models/params_56.msgpack
