Welcome to eht-imaging! v 1.2.10 

Loading text image:  datasets/avery_sgra_eofn.txt
iteration:   0%|          | 0/20000 [00:00<?, ?it/s]
iteration 0, loss=7.151029205e+01
iteration 1000, loss=1.006638408e+00
iteration 2000, loss=9.952706695e-01
iteration 3000, loss=9.929421544e-01
iteration 4000, loss=9.849384427e-01
iteration 5000, loss=9.854401946e-01
iteration 6000, loss=9.825741649e-01
iteration 7000, loss=9.815056324e-01
iteration 8000, loss=9.739770293e-01
iteration 9000, loss=9.733735919e-01
iteration 10000, loss=9.690954089e-01
iteration 11000, loss=9.840868115e-01
iteration 12000, loss=9.651600122e-01
iteration 13000, loss=9.651535749e-01
iteration 14000, loss=9.590601325e-01
iteration 15000, loss=9.608470201e-01
iteration 16000, loss=9.651815891e-01
iteration 17000, loss=9.787553549e-01
iteration 18000, loss=9.733818173e-01
iteration 19000, loss=9.629374743e-01
[seed=51] saved params to fourier_ensembling/bh_varnoise_models/params_51.msgpack
