Welcome to eht-imaging! v 1.2.10 

Loading text image:  datasets/avery_sgra_eofn.txt
iteration:   0%|          | 0/20000 [00:00<?, ?it/s]
iteration 0, loss=5.081422424e+02
iteration 1000, loss=1.093991399e+00
iteration 2000, loss=1.019384980e+00
iteration 3000, loss=1.013563037e+00
iteration 4000, loss=9.948883653e-01
iteration 5000, loss=9.934208989e-01
iteration 6000, loss=9.866287112e-01
iteration 7000, loss=9.830464721e-01
iteration 8000, loss=9.801126719e-01
iteration 9000, loss=9.803581834e-01
iteration 10000, loss=9.767872691e-01
iteration 11000, loss=9.753718376e-01
iteration 12000, loss=9.779480100e-01
iteration 13000, loss=9.737802744e-01
iteration 14000, loss=9.753712416e-01
iteration 15000, loss=9.764364958e-01
iteration 16000, loss=9.798004627e-01
iteration 17000, loss=9.661011696e-01
iteration 18000, loss=9.669948220e-01
iteration 19000, loss=9.645227194e-01
[seed=98] saved params to fourier_ensembling/bh_varnoise_models/params_98.msgpack
