Welcome to eht-imaging! v 1.2.10 

Loading text image:  datasets/avery_sgra_eofn.txt
iteration:   0%|          | 0/20000 [00:00<?, ?it/s]
iteration 0, loss=2.053652344e+02
iteration 1000, loss=9.988489747e-01
iteration 2000, loss=9.906916022e-01
iteration 3000, loss=9.896968603e-01
iteration 4000, loss=9.824726582e-01
iteration 5000, loss=9.780667424e-01
iteration 6000, loss=9.761919379e-01
iteration 7000, loss=9.745823741e-01
iteration 8000, loss=9.726085663e-01
iteration 9000, loss=9.690253735e-01
iteration 10000, loss=9.776140451e-01
iteration 11000, loss=9.629299641e-01
iteration 12000, loss=9.605563283e-01
iteration 13000, loss=9.745270014e-01
iteration 14000, loss=9.560800791e-01
iteration 15000, loss=9.597341418e-01
iteration 16000, loss=9.723041058e-01
iteration 17000, loss=9.500665665e-01
iteration 18000, loss=9.480739832e-01
iteration 19000, loss=9.462562203e-01
[seed=29] saved params to fourier_ensembling/bh_varnoise_models/params_29.msgpack
