Welcome to eht-imaging! v 1.2.10 

Loading text image:  datasets/avery_sgra_eofn.txt
iteration:   0%|          | 0/20000 [00:00<?, ?it/s]
iteration 0, loss=1.876360931e+02
iteration 1000, loss=9.952282906e-01
iteration 2000, loss=9.876039624e-01
iteration 3000, loss=9.833576083e-01
iteration 4000, loss=9.804567099e-01
iteration 5000, loss=9.782620072e-01
iteration 6000, loss=9.851847291e-01
iteration 7000, loss=9.742079973e-01
iteration 8000, loss=9.744111300e-01
iteration 9000, loss=9.698548317e-01
iteration 10000, loss=9.694332480e-01
iteration 11000, loss=9.716143012e-01
iteration 12000, loss=9.928751588e-01
iteration 13000, loss=9.605236053e-01
iteration 14000, loss=9.611948133e-01
iteration 15000, loss=9.552210569e-01
iteration 16000, loss=9.538204670e-01
iteration 17000, loss=9.593989253e-01
iteration 18000, loss=9.542943239e-01
iteration 19000, loss=9.467173815e-01
[seed=27] saved params to fourier_ensembling/bh_varnoise_models/params_27.msgpack
