Welcome to eht-imaging! v 1.2.10 

Loading text image:  datasets/avery_sgra_eofn.txt
iteration:   0%|          | 0/20000 [00:00<?, ?it/s]
iteration 0, loss=1.124286957e+02
iteration 1000, loss=1.000044107e+00
iteration 2000, loss=9.888847470e-01
iteration 3000, loss=9.842463732e-01
iteration 4000, loss=9.800853133e-01
iteration 5000, loss=9.793973565e-01
iteration 6000, loss=9.760577083e-01
iteration 7000, loss=9.776185155e-01
iteration 8000, loss=9.799632430e-01
iteration 9000, loss=9.746237993e-01
iteration 10000, loss=9.882149100e-01
iteration 11000, loss=9.717208743e-01
iteration 12000, loss=9.625648260e-01
iteration 13000, loss=9.748278260e-01
iteration 14000, loss=9.634072781e-01
iteration 15000, loss=9.660718441e-01
iteration 16000, loss=9.688290954e-01
iteration 17000, loss=9.661538601e-01
iteration 18000, loss=9.658730030e-01
iteration 19000, loss=9.753294587e-01
[seed=78] saved params to fourier_ensembling/bh_varnoise_models/params_78.msgpack
