Welcome to eht-imaging! v 1.2.10 

Loading text image:  datasets/avery_sgra_eofn.txt
iteration:   0%|          | 0/20000 [00:00<?, ?it/s]
iteration 0, loss=1.144123688e+02
iteration 1000, loss=9.986177683e-01
iteration 2000, loss=1.006944060e+00
iteration 3000, loss=9.985167980e-01
iteration 4000, loss=9.854667783e-01
iteration 5000, loss=9.780154228e-01
iteration 6000, loss=9.842378497e-01
iteration 7000, loss=9.764187336e-01
iteration 8000, loss=9.869589806e-01
iteration 9000, loss=9.711964726e-01
iteration 10000, loss=9.850686193e-01
iteration 11000, loss=9.735460877e-01
iteration 12000, loss=9.824420810e-01
iteration 13000, loss=9.702757597e-01
iteration 14000, loss=9.672930241e-01
iteration 15000, loss=9.635060430e-01
iteration 16000, loss=9.632798433e-01
iteration 17000, loss=9.651502967e-01
iteration 18000, loss=9.633030891e-01
iteration 19000, loss=9.731087685e-01
[seed=12] saved params to fourier_ensembling/bh_varnoise_models/params_12.msgpack
