Welcome to eht-imaging! v 1.2.10 

Loading text image:  datasets/avery_sgra_eofn.txt
iteration:   0%|          | 0/20000 [00:00<?, ?it/s]
iteration 0, loss=7.045283508e+01
iteration 1000, loss=1.005340695e+00
iteration 2000, loss=9.875874519e-01
iteration 3000, loss=9.838044643e-01
iteration 4000, loss=9.815163612e-01
iteration 5000, loss=9.776110053e-01
iteration 6000, loss=9.919437170e-01
iteration 7000, loss=9.823685288e-01
iteration 8000, loss=9.699520469e-01
iteration 9000, loss=9.676645994e-01
iteration 10000, loss=9.720324874e-01
iteration 11000, loss=9.831038713e-01
iteration 12000, loss=9.695407748e-01
iteration 13000, loss=9.603292942e-01
iteration 14000, loss=9.693847299e-01
iteration 15000, loss=9.531256557e-01
iteration 16000, loss=9.528496861e-01
iteration 17000, loss=9.462132454e-01
iteration 18000, loss=9.581676722e-01
iteration 19000, loss=9.468353391e-01
[seed=84] saved params to fourier_ensembling/bh_varnoise_models/params_84.msgpack
