Welcome to eht-imaging! v 1.2.10 

Loading text image:  datasets/avery_sgra_eofn.txt
iteration:   0%|          | 0/20000 [00:00<?, ?it/s]
iteration 0, loss=2.333566475e+01
iteration 1000, loss=1.016196251e+00
iteration 2000, loss=1.015285492e+00
iteration 3000, loss=9.923330545e-01
iteration 4000, loss=9.816778302e-01
iteration 5000, loss=9.827603102e-01
iteration 6000, loss=9.848541617e-01
iteration 7000, loss=9.772729278e-01
iteration 8000, loss=9.749203920e-01
iteration 9000, loss=9.767948985e-01
iteration 10000, loss=9.733146429e-01
iteration 11000, loss=9.702497721e-01
iteration 12000, loss=9.836946726e-01
iteration 13000, loss=9.687198997e-01
iteration 14000, loss=9.846749902e-01
iteration 15000, loss=9.622003436e-01
iteration 16000, loss=9.718502760e-01
iteration 17000, loss=9.680597186e-01
iteration 18000, loss=9.676046371e-01
iteration 19000, loss=9.599389434e-01
[seed=91] saved params to fourier_ensembling/bh_varnoise_models/params_91.msgpack
