Welcome to eht-imaging! v 1.2.10 

Loading text image:  datasets/avery_sgra_eofn.txt
iteration:   0%|          | 0/20000 [00:00<?, ?it/s]
iteration 0, loss=2.007892303e+02
iteration 1000, loss=9.965335727e-01
iteration 2000, loss=9.966291785e-01
iteration 3000, loss=9.867243767e-01
iteration 4000, loss=9.807998538e-01
iteration 5000, loss=9.770385623e-01
iteration 6000, loss=9.739312530e-01
iteration 7000, loss=9.741162062e-01
iteration 8000, loss=9.682876468e-01
iteration 9000, loss=9.712392092e-01
iteration 10000, loss=9.696023464e-01
iteration 11000, loss=9.939790964e-01
iteration 12000, loss=9.612947106e-01
iteration 13000, loss=9.687368870e-01
iteration 14000, loss=9.922220707e-01
iteration 15000, loss=9.694494605e-01
iteration 16000, loss=9.699731469e-01
iteration 17000, loss=9.682097435e-01
iteration 18000, loss=9.713792801e-01
iteration 19000, loss=9.578604102e-01
[seed=86] saved params to fourier_ensembling/bh_varnoise_models/params_86.msgpack
