Welcome to eht-imaging! v 1.2.10 

Loading text image:  datasets/avery_sgra_eofn.txt
iteration:   0%|          | 0/20000 [00:00<?, ?it/s]
iteration 0, loss=2.377877502e+02
iteration 1000, loss=1.010197163e+00
iteration 2000, loss=9.989899993e-01
iteration 3000, loss=9.927792549e-01
iteration 4000, loss=9.903965592e-01
iteration 5000, loss=9.849723577e-01
iteration 6000, loss=9.814840555e-01
iteration 7000, loss=9.835510254e-01
iteration 8000, loss=9.771624804e-01
iteration 9000, loss=9.764522910e-01
iteration 10000, loss=9.918269515e-01
iteration 11000, loss=9.722068310e-01
iteration 12000, loss=9.692254663e-01
iteration 13000, loss=9.750099182e-01
iteration 14000, loss=9.669001698e-01
iteration 15000, loss=9.670215845e-01
iteration 16000, loss=9.723327160e-01
iteration 17000, loss=9.632056355e-01
iteration 18000, loss=9.577865005e-01
iteration 19000, loss=9.649623036e-01
[seed=30] saved params to fourier_ensembling/bh_varnoise_models/params_30.msgpack
