Welcome to eht-imaging! v 1.2.10 

Loading text image:  datasets/avery_sgra_eofn.txt
iteration:   0%|          | 0/20000 [00:00<?, ?it/s]
iteration 0, loss=1.529876556e+02
iteration 1000, loss=9.990057349e-01
iteration 2000, loss=9.907510281e-01
iteration 3000, loss=9.868566394e-01
iteration 4000, loss=9.901410937e-01
iteration 5000, loss=1.001809597e+00
iteration 6000, loss=9.817040563e-01
iteration 7000, loss=9.794765115e-01
iteration 8000, loss=9.801765084e-01
iteration 9000, loss=9.752792716e-01
iteration 10000, loss=9.731650352e-01
iteration 11000, loss=9.757319093e-01
iteration 12000, loss=9.693597555e-01
iteration 13000, loss=9.746709466e-01
iteration 14000, loss=9.642021060e-01
iteration 15000, loss=9.651408195e-01
iteration 16000, loss=9.629267454e-01
iteration 17000, loss=9.597154260e-01
iteration 18000, loss=9.566612840e-01
iteration 19000, loss=9.563921690e-01
[seed=47] saved params to fourier_ensembling/bh_varnoise_models/params_47.msgpack
