Welcome to eht-imaging! v 1.2.10 

Loading text image:  datasets/avery_sgra_eofn.txt
iteration:   0%|          | 0/20000 [00:00<?, ?it/s]
iteration 0, loss=2.586226196e+02
iteration 1000, loss=1.013248444e+00
iteration 2000, loss=1.007194996e+00
iteration 3000, loss=9.888168573e-01
iteration 4000, loss=9.858120680e-01
iteration 5000, loss=9.809247851e-01
iteration 6000, loss=9.803618789e-01
iteration 7000, loss=9.829600453e-01
iteration 8000, loss=9.806234837e-01
iteration 9000, loss=9.744781852e-01
iteration 10000, loss=9.747039676e-01
iteration 11000, loss=9.748861790e-01
iteration 12000, loss=9.723954797e-01
iteration 13000, loss=9.666329622e-01
iteration 14000, loss=9.646552205e-01
iteration 15000, loss=9.738011360e-01
iteration 16000, loss=9.656785131e-01
iteration 17000, loss=9.766884446e-01
iteration 18000, loss=9.617655277e-01
iteration 19000, loss=9.581165910e-01
[seed=87] saved params to fourier_ensembling/bh_varnoise_models/params_87.msgpack
