Welcome to eht-imaging! v 1.2.10 

Loading text image:  datasets/avery_sgra_eofn.txt
iteration:   0%|          | 0/20000 [00:00<?, ?it/s]
iteration 0, loss=9.255457306e+01
iteration 1000, loss=1.009632468e+00
iteration 2000, loss=9.920524955e-01
iteration 3000, loss=1.065376878e+00
iteration 4000, loss=9.824280739e-01
iteration 5000, loss=9.974153042e-01
iteration 6000, loss=9.933044910e-01
iteration 7000, loss=9.795349240e-01
iteration 8000, loss=9.792919755e-01
iteration 9000, loss=9.751077890e-01
iteration 10000, loss=9.730038643e-01
iteration 11000, loss=9.654768109e-01
iteration 12000, loss=9.668253660e-01
iteration 13000, loss=1.049536705e+00
iteration 14000, loss=9.688099623e-01
iteration 15000, loss=9.676005840e-01
iteration 16000, loss=9.627140164e-01
iteration 17000, loss=9.601339698e-01
iteration 18000, loss=9.641388655e-01
iteration 19000, loss=9.619729519e-01
[seed=25] saved params to fourier_ensembling/bh_varnoise_models/params_25.msgpack
