Welcome to eht-imaging! v 1.2.10 

Loading text image:  datasets/avery_sgra_eofn.txt
iteration:   0%|          | 0/20000 [00:00<?, ?it/s]
iteration 0, loss=2.854664307e+02
iteration 1000, loss=1.015862584e+00
iteration 2000, loss=1.003095150e+00
iteration 3000, loss=1.020321250e+00
iteration 4000, loss=9.941154122e-01
iteration 5000, loss=1.004077315e+00
iteration 6000, loss=9.904609323e-01
iteration 7000, loss=9.851672649e-01
iteration 8000, loss=9.815509319e-01
iteration 9000, loss=9.829013348e-01
iteration 10000, loss=9.786900878e-01
iteration 11000, loss=9.780632854e-01
iteration 12000, loss=9.814209938e-01
iteration 13000, loss=9.720843434e-01
iteration 14000, loss=9.687844515e-01
iteration 15000, loss=9.823230505e-01
iteration 16000, loss=9.751306176e-01
iteration 17000, loss=9.819544554e-01
iteration 18000, loss=9.611657262e-01
iteration 19000, loss=9.659113288e-01
[seed=43] saved params to fourier_ensembling/bh_varnoise_models/params_43.msgpack
