Welcome to eht-imaging! v 1.2.10 

Loading text image:  datasets/avery_sgra_eofn.txt
iteration:   0%|          | 0/20000 [00:00<?, ?it/s]
iteration 0, loss=1.800097504e+02
iteration 1000, loss=1.002623558e+00
iteration 2000, loss=1.081893563e+00
iteration 3000, loss=9.900228977e-01
iteration 4000, loss=9.920803308e-01
iteration 5000, loss=9.814312458e-01
iteration 6000, loss=9.824789762e-01
iteration 7000, loss=9.918562174e-01
iteration 8000, loss=9.781597257e-01
iteration 9000, loss=9.729937315e-01
iteration 10000, loss=9.720202684e-01
iteration 11000, loss=9.882341623e-01
iteration 12000, loss=9.705766439e-01
iteration 13000, loss=9.655566216e-01
iteration 14000, loss=9.675095677e-01
iteration 15000, loss=9.737512469e-01
iteration 16000, loss=9.922150970e-01
iteration 17000, loss=9.666653872e-01
iteration 18000, loss=9.728478193e-01
iteration 19000, loss=1.015130162e+00
[seed=0] saved params to fourier_ensembling/bh_varnoise_models/params_0.msgpack
