Welcome to eht-imaging! v 1.2.10 

Loading text image:  datasets/avery_sgra_eofn.txt
iteration:   0%|          | 0/20000 [00:00<?, ?it/s]
iteration 0, loss=1.175799713e+02
iteration 1000, loss=1.002093673e+00
iteration 2000, loss=9.938839674e-01
iteration 3000, loss=9.967960715e-01
iteration 4000, loss=1.011671901e+00
iteration 5000, loss=9.885283113e-01
iteration 6000, loss=9.914785028e-01
iteration 7000, loss=9.849575758e-01
iteration 8000, loss=9.801362753e-01
iteration 9000, loss=9.844701886e-01
iteration 10000, loss=9.856528044e-01
iteration 11000, loss=9.768509269e-01
iteration 12000, loss=9.716886282e-01
iteration 13000, loss=9.695901871e-01
iteration 14000, loss=1.004359603e+00
iteration 15000, loss=9.804236293e-01
iteration 16000, loss=9.697435498e-01
iteration 17000, loss=9.642050266e-01
iteration 18000, loss=9.710976481e-01
iteration 19000, loss=9.627468586e-01
[seed=94] saved params to fourier_ensembling/bh_varnoise_models/params_94.msgpack
