Welcome to eht-imaging! v 1.2.10 

Loading text image:  datasets/avery_sgra_eofn.txt
iteration:   0%|          | 0/20000 [00:00<?, ?it/s]
iteration 0, loss=5.827631760e+01
iteration 1000, loss=1.005997658e+00
iteration 2000, loss=9.991173744e-01
iteration 3000, loss=1.004066348e+00
iteration 4000, loss=9.852043986e-01
iteration 5000, loss=9.802194834e-01
iteration 6000, loss=9.773216844e-01
iteration 7000, loss=9.785141349e-01
iteration 8000, loss=9.756411910e-01
iteration 9000, loss=9.772641063e-01
iteration 10000, loss=9.721450806e-01
iteration 11000, loss=9.696097374e-01
iteration 12000, loss=1.029075503e+00
iteration 13000, loss=9.755200148e-01
iteration 14000, loss=9.666148424e-01
iteration 15000, loss=9.645009637e-01
iteration 16000, loss=9.663167596e-01
iteration 17000, loss=9.580870867e-01
iteration 18000, loss=1.114799380e+00
iteration 19000, loss=9.610074162e-01
[seed=6] saved params to fourier_ensembling/bh_varnoise_models/params_6.msgpack
