Welcome to eht-imaging! v 1.2.10 

Loading text image:  datasets/avery_sgra_eofn.txt
iteration:   0%|          | 0/20000 [00:00<?, ?it/s]
iteration 0, loss=2.389083252e+02
iteration 1000, loss=1.013533950e+00
iteration 2000, loss=9.973724484e-01
iteration 3000, loss=9.960445166e-01
iteration 4000, loss=9.916906953e-01
iteration 5000, loss=9.856770039e-01
iteration 6000, loss=9.964640141e-01
iteration 7000, loss=9.808524251e-01
iteration 8000, loss=9.812195301e-01
iteration 9000, loss=9.831378460e-01
iteration 10000, loss=9.900473356e-01
iteration 11000, loss=9.720566273e-01
iteration 12000, loss=9.892622828e-01
iteration 13000, loss=9.676846266e-01
iteration 14000, loss=9.733399153e-01
iteration 15000, loss=9.690100551e-01
iteration 16000, loss=9.761164784e-01
iteration 17000, loss=9.632338881e-01
iteration 18000, loss=9.570651054e-01
iteration 19000, loss=9.589212537e-01
[seed=61] saved params to fourier_ensembling/bh_varnoise_models/params_61.msgpack
