Welcome to eht-imaging! v 1.2.10 

Loading text image:  datasets/avery_sgra_eofn.txt
iteration:   0%|          | 0/20000 [00:00<?, ?it/s]
iteration 0, loss=1.040543137e+02
iteration 1000, loss=1.011669874e+00
iteration 2000, loss=9.986751676e-01
iteration 3000, loss=1.001906276e+00
iteration 4000, loss=1.003530622e+00
iteration 5000, loss=9.848630428e-01
iteration 6000, loss=9.821503758e-01
iteration 7000, loss=9.799221158e-01
iteration 8000, loss=1.006018996e+00
iteration 9000, loss=9.877501726e-01
iteration 10000, loss=9.825431108e-01
iteration 11000, loss=9.757757783e-01
iteration 12000, loss=9.715095162e-01
iteration 13000, loss=9.691997766e-01
iteration 14000, loss=9.751179218e-01
iteration 15000, loss=9.696477056e-01
iteration 16000, loss=9.723054171e-01
iteration 17000, loss=9.729163051e-01
iteration 18000, loss=9.853298664e-01
iteration 19000, loss=9.692248702e-01
[seed=2] saved params to fourier_ensembling/bh_varnoise_models/params_2.msgpack
