Welcome to eht-imaging! v 1.2.10 

Loading text image:  datasets/avery_sgra_eofn.txt
iteration:   0%|          | 0/20000 [00:00<?, ?it/s]
iteration 0, loss=9.011085510e+01
iteration 1000, loss=1.008903742e+00
iteration 2000, loss=9.950085878e-01
iteration 3000, loss=9.828061461e-01
iteration 4000, loss=9.991852045e-01
iteration 5000, loss=9.801371694e-01
iteration 6000, loss=9.745725393e-01
iteration 7000, loss=9.800085425e-01
iteration 8000, loss=9.696601033e-01
iteration 9000, loss=9.790300727e-01
iteration 10000, loss=9.678257704e-01
iteration 11000, loss=9.686611295e-01
iteration 12000, loss=9.696498513e-01
iteration 13000, loss=9.605845213e-01
iteration 14000, loss=9.808024168e-01
iteration 15000, loss=9.566828012e-01
iteration 16000, loss=9.632180333e-01
iteration 17000, loss=9.562791586e-01
iteration 18000, loss=9.665570855e-01
iteration 19000, loss=9.488112926e-01
[seed=59] saved params to fourier_ensembling/bh_varnoise_models/params_59.msgpack
