Welcome to eht-imaging! v 1.2.10 

Loading text image:  datasets/avery_sgra_eofn.txt
iteration:   0%|          | 0/20000 [00:00<?, ?it/s]
iteration 0, loss=1.219345245e+02
iteration 1000, loss=1.005406737e+00
iteration 2000, loss=9.966601133e-01
iteration 3000, loss=9.877669811e-01
iteration 4000, loss=9.863310456e-01
iteration 5000, loss=9.832476377e-01
iteration 6000, loss=9.783245921e-01
iteration 7000, loss=9.815544486e-01
iteration 8000, loss=9.763849378e-01
iteration 9000, loss=9.742540717e-01
iteration 10000, loss=9.755159020e-01
iteration 11000, loss=9.757251740e-01
iteration 12000, loss=9.683424830e-01
iteration 13000, loss=9.699876904e-01
iteration 14000, loss=9.757256508e-01
iteration 15000, loss=9.643108845e-01
iteration 16000, loss=9.625427723e-01
iteration 17000, loss=9.598553181e-01
iteration 18000, loss=9.650691152e-01
iteration 19000, loss=9.574679732e-01
[seed=72] saved params to fourier_ensembling/bh_varnoise_models/params_72.msgpack
