Welcome to eht-imaging! v 1.2.10 

Loading text image:  datasets/avery_sgra_eofn.txt
iteration:   0%|          | 0/20000 [00:00<?, ?it/s]
iteration 0, loss=2.909668274e+02
iteration 1000, loss=1.012477875e+00
iteration 2000, loss=9.986864924e-01
iteration 3000, loss=1.002900362e+00
iteration 4000, loss=9.988645315e-01
iteration 5000, loss=9.925618768e-01
iteration 6000, loss=9.891203642e-01
iteration 7000, loss=9.822350144e-01
iteration 8000, loss=1.000406742e+00
iteration 9000, loss=9.785317183e-01
iteration 10000, loss=9.793597460e-01
iteration 11000, loss=9.769936204e-01
iteration 12000, loss=9.852027893e-01
iteration 13000, loss=9.679426551e-01
iteration 14000, loss=9.723237753e-01
iteration 15000, loss=9.723451138e-01
iteration 16000, loss=9.662558436e-01
iteration 17000, loss=9.655421376e-01
iteration 18000, loss=9.766800404e-01
iteration 19000, loss=9.685135484e-01
[seed=96] saved params to fourier_ensembling/bh_varnoise_models/params_96.msgpack
