Welcome to eht-imaging! v 1.2.10 

Loading text image:  datasets/avery_sgra_eofn.txt
iteration:   0%|          | 0/20000 [00:00<?, ?it/s]
iteration 0, loss=3.759670105e+02
iteration 1000, loss=1.016947389e+00
iteration 2000, loss=9.962449074e-01
iteration 3000, loss=9.990957975e-01
iteration 4000, loss=1.002505779e+00
iteration 5000, loss=9.797478318e-01
iteration 6000, loss=1.014796257e+00
iteration 7000, loss=9.753649235e-01
iteration 8000, loss=9.942945838e-01
iteration 9000, loss=9.765297771e-01
iteration 10000, loss=9.762362242e-01
iteration 11000, loss=9.781478047e-01
iteration 12000, loss=9.657017589e-01
iteration 13000, loss=9.644642472e-01
iteration 14000, loss=9.622756839e-01
iteration 15000, loss=9.635299444e-01
iteration 16000, loss=9.722169638e-01
iteration 17000, loss=9.581868649e-01
iteration 18000, loss=9.604919553e-01
iteration 19000, loss=9.645895362e-01
[seed=42] saved params to fourier_ensembling/bh_varnoise_models/params_42.msgpack
