Welcome to eht-imaging! v 1.2.10 

Loading text image:  datasets/avery_sgra_eofn.txt
iteration:   0%|          | 0/20000 [00:00<?, ?it/s]
iteration 0, loss=6.590075684e+01
iteration 1000, loss=1.009172440e+00
iteration 2000, loss=9.901224375e-01
iteration 3000, loss=9.887263179e-01
iteration 4000, loss=9.896292686e-01
iteration 5000, loss=9.995001554e-01
iteration 6000, loss=9.800652862e-01
iteration 7000, loss=9.753251672e-01
iteration 8000, loss=9.837712646e-01
iteration 9000, loss=9.743333459e-01
iteration 10000, loss=9.792373776e-01
iteration 11000, loss=9.756935239e-01
iteration 12000, loss=9.732394218e-01
iteration 13000, loss=9.729529023e-01
iteration 14000, loss=9.756880403e-01
iteration 15000, loss=9.741997719e-01
iteration 16000, loss=9.651850462e-01
iteration 17000, loss=9.695341587e-01
iteration 18000, loss=9.619597197e-01
iteration 19000, loss=9.616434574e-01
[seed=44] saved params to fourier_ensembling/bh_varnoise_models/params_44.msgpack
