Welcome to eht-imaging! v 1.2.10 

Loading text image:  datasets/avery_sgra_eofn.txt
iteration:   0%|          | 0/20000 [00:00<?, ?it/s]
iteration 0, loss=2.266023712e+02
iteration 1000, loss=9.977749586e-01
iteration 2000, loss=9.899994731e-01
iteration 3000, loss=9.879594445e-01
iteration 4000, loss=9.929690361e-01
iteration 5000, loss=9.912534952e-01
iteration 6000, loss=9.791079760e-01
iteration 7000, loss=9.770954847e-01
iteration 8000, loss=9.867134690e-01
iteration 9000, loss=9.886028171e-01
iteration 10000, loss=9.856191278e-01
iteration 11000, loss=9.822048545e-01
iteration 12000, loss=9.735340476e-01
iteration 13000, loss=9.689602256e-01
iteration 14000, loss=9.661299586e-01
iteration 15000, loss=9.755273461e-01
iteration 16000, loss=9.663808346e-01
iteration 17000, loss=9.671645164e-01
iteration 18000, loss=9.599299431e-01
iteration 19000, loss=9.643060565e-01
[seed=4] saved params to fourier_ensembling/bh_varnoise_models/params_4.msgpack
