Welcome to eht-imaging! v 1.2.10 

Loading text image:  datasets/avery_sgra_eofn.txt
iteration:   0%|          | 0/20000 [00:00<?, ?it/s]
iteration 0, loss=6.182104874e+01
iteration 1000, loss=1.001283169e+00
iteration 2000, loss=9.897603393e-01
iteration 3000, loss=9.987103343e-01
iteration 4000, loss=1.013679504e+00
iteration 5000, loss=9.765275121e-01
iteration 6000, loss=1.003704071e+00
iteration 7000, loss=9.758449197e-01
iteration 8000, loss=9.730796814e-01
iteration 9000, loss=9.856257439e-01
iteration 10000, loss=9.699578881e-01
iteration 11000, loss=9.786066413e-01
iteration 12000, loss=9.703661799e-01
iteration 13000, loss=9.737764597e-01
iteration 14000, loss=9.619960785e-01
iteration 15000, loss=9.624789953e-01
iteration 16000, loss=9.582988024e-01
iteration 17000, loss=9.615799785e-01
iteration 18000, loss=9.663305283e-01
iteration 19000, loss=9.584915638e-01
[seed=13] saved params to fourier_ensembling/bh_varnoise_models/params_13.msgpack
