Welcome to eht-imaging! v 1.2.10 

Loading text image:  datasets/avery_sgra_eofn.txt
iteration:   0%|          | 0/20000 [00:00<?, ?it/s]
iteration 0, loss=2.357036591e+01
iteration 1000, loss=1.001598120e+00
iteration 2000, loss=1.048164606e+00
iteration 3000, loss=9.860041738e-01
iteration 4000, loss=9.900786877e-01
iteration 5000, loss=9.787454009e-01
iteration 6000, loss=9.761974216e-01
iteration 7000, loss=9.753602147e-01
iteration 8000, loss=9.690034986e-01
iteration 9000, loss=9.825109243e-01
iteration 10000, loss=9.684416652e-01
iteration 11000, loss=9.674612880e-01
iteration 12000, loss=9.666181207e-01
iteration 13000, loss=9.670835733e-01
iteration 14000, loss=9.692128897e-01
iteration 15000, loss=9.601274133e-01
iteration 16000, loss=9.731315970e-01
iteration 17000, loss=9.627146125e-01
iteration 18000, loss=9.585700035e-01
iteration 19000, loss=9.643990993e-01
[seed=99] saved params to fourier_ensembling/bh_varnoise_models/params_99.msgpack
